Traceback (most recent call last):
  File "C:\Users\bangt\anaconda3\envs\NOSI\lib\site-packages\jupyter_cache\executors\utils.py", line 56, in single_nb_execution
    record_timing=False,
  File "C:\Users\bangt\anaconda3\envs\NOSI\lib\site-packages\nbclient\client.py", line 1204, in execute
    return NotebookClient(nb=nb, resources=resources, km=km, **kwargs).execute()
  File "C:\Users\bangt\anaconda3\envs\NOSI\lib\site-packages\nbclient\util.py", line 84, in wrapped
    return just_run(coro(*args, **kwargs))
  File "C:\Users\bangt\anaconda3\envs\NOSI\lib\site-packages\nbclient\util.py", line 62, in just_run
    return loop.run_until_complete(coro)
  File "C:\Users\bangt\anaconda3\envs\NOSI\lib\asyncio\base_events.py", line 587, in run_until_complete
    return future.result()
  File "C:\Users\bangt\anaconda3\envs\NOSI\lib\site-packages\nbclient\client.py", line 664, in async_execute
    cell, index, execution_count=self.code_cells_executed + 1
  File "C:\Users\bangt\anaconda3\envs\NOSI\lib\site-packages\nbclient\client.py", line 965, in async_execute_cell
    await self._check_raise_for_error(cell, cell_index, exec_reply)
  File "C:\Users\bangt\anaconda3\envs\NOSI\lib\site-packages\nbclient\client.py", line 862, in _check_raise_for_error
    raise CellExecutionError.from_cell_and_msg(cell, exec_reply_content)
nbclient.exceptions.CellExecutionError: An error occurred while executing the following cell:
------------------
From the record page, we know that the dataset was generated from 1 platform using Affymetrix Human Genome U133 Plus 2.0 Array. To convert or map the probe set IDs to Entrez gene ID, we need to find the corresponding annotation package from <a href="https://bioconductor.org/">Bioconductor</a>. In this can, we need to use the `hgu133plus2.db` database. We can install the package using following R command:
------------------

Error in parse(text = x, srcfile = src): <text>:1:6: unexpected symbol
1: From the
         ^
Traceback:

ERROR: Error in parse(text = x, srcfile = src): <text>:1:6: unexpected symbol
1: From the
         ^


