Traceback (most recent call last):
  File "C:\Users\bangt\anaconda3\envs\NOSI\lib\site-packages\jupyter_cache\executors\utils.py", line 56, in single_nb_execution
    record_timing=False,
  File "C:\Users\bangt\anaconda3\envs\NOSI\lib\site-packages\nbclient\client.py", line 1204, in execute
    return NotebookClient(nb=nb, resources=resources, km=km, **kwargs).execute()
  File "C:\Users\bangt\anaconda3\envs\NOSI\lib\site-packages\nbclient\util.py", line 84, in wrapped
    return just_run(coro(*args, **kwargs))
  File "C:\Users\bangt\anaconda3\envs\NOSI\lib\site-packages\nbclient\util.py", line 62, in just_run
    return loop.run_until_complete(coro)
  File "C:\Users\bangt\anaconda3\envs\NOSI\lib\asyncio\base_events.py", line 587, in run_until_complete
    return future.result()
  File "C:\Users\bangt\anaconda3\envs\NOSI\lib\site-packages\nbclient\client.py", line 664, in async_execute
    cell, index, execution_count=self.code_cells_executed + 1
  File "C:\Users\bangt\anaconda3\envs\NOSI\lib\site-packages\nbclient\client.py", line 965, in async_execute_cell
    await self._check_raise_for_error(cell, cell_index, exec_reply)
  File "C:\Users\bangt\anaconda3\envs\NOSI\lib\site-packages\nbclient\client.py", line 862, in _check_raise_for_error
    raise CellExecutionError.from_cell_and_msg(cell, exec_reply_content)
nbclient.exceptions.CellExecutionError: An error occurred while executing the following cell:
------------------
library("GEOquery")
library("lima")
------------------

Error in library("lima"): there is no package called 'lima'
Traceback:

1. library("lima")
ERROR: Error in library("lima"): there is no package called 'lima'


